[2m11:42:39 pm[22m [31m[1m[vite][22m[39m [31mhttp proxy error: /api/registrations[39m
AggregateError [ECONNREFUSED]: 
    at internalConnectMultiple (node:net:1142:49)
    at afterConnectMultiple (node:net:1723:7)
[2m11:44:46 pm[22m [31m[1m[vite][22m[39m [31mhttp proxy error: /api/registrations[39m
AggregateError [ECONNREFUSED]: 
    at internalConnectMultiple (node:net:1142:49)
    at afterConnectMultiple (node:net:1723:7)
[2m11:57:12 pm[22m [31m[1m[vite][22m[39m [31mhttp proxy error: /api/events[39m
AggregateError [ECONNREFUSED]: 
    at internalConnectMultiple (node:net:1142:49)
    at afterConnectMultiple (node:net:1723:7)
[2m11:57:12 pm[22m [31m[1m[vite][22m[39m [31mhttp proxy error: /api/events[39m
AggregateError [ECONNREFUSED]: 
    at internalConnectMultiple (node:net:1142:49)
    at afterConnectMultiple (node:net:1723:7)
[2m11:58:47 pm[22m [31m[1m[vite][22m[39m [31mhttp proxy error: /api/events[39m
AggregateError [ECONNREFUSED]: 
    at internalConnectMultiple (node:net:1142:49)
    at afterConnectMultiple (node:net:1723:7)
[2m11:58:47 pm[22m [31m[1m[vite][22m[39m [31mhttp proxy error: /api/events[39m
AggregateError [ECONNREFUSED]: 
    at internalConnectMultiple (node:net:1142:49)
    at afterConnectMultiple (node:net:1723:7)
[2m12:00:38 am[22m [31m[1m[vite][22m[39m [31mhttp proxy error: /api/admin/registrations[39m
AggregateError [ECONNREFUSED]: 
    at internalConnectMultiple (node:net:1142:49)
    at afterConnectMultiple (node:net:1723:7)
[2m12:01:12 am[22m [31m[1m[vite][22m[39m [31mhttp proxy error: /api/admin/registrations[39m
AggregateError [ECONNREFUSED]: 
    at internalConnectMultiple (node:net:1142:49)
    at afterConnectMultiple (node:net:1723:7)
[2m12:02:48 am[22m [31m[1m[vite][22m[39m [31mhttp proxy error: /api/events[39m
AggregateError [ECONNREFUSED]: 
    at internalConnectMultiple (node:net:1142:49)
    at afterConnectMultiple (node:net:1723:7)
[2m12:03:37 am[22m [31m[1m[vite][22m[39m [31mhttp proxy error: /api/events[39m
AggregateError [ECONNREFUSED]: 
    at internalConnectMultiple (node:net:1142:49)
    at afterConnectMultiple (node:net:1723:7)
[2m12:03:37 am[22m [31m[1m[vite][22m[39m [31mhttp proxy error: /api/events[39m
AggregateError [ECONNREFUSED]: 
    at internalConnectMultiple (node:net:1142:49)
    at afterConnectMultiple (node:net:1723:7)
[2m12:04:40 am[22m [31m[1m[vite][22m[39m [31mhttp proxy error: /api/events[39m
AggregateError [ECONNREFUSED]: 
    at internalConnectMultiple (node:net:1142:49)
    at afterConnectMultiple (node:net:1723:7)
[2m12:04:40 am[22m [31m[1m[vite][22m[39m [31mhttp proxy error: /api/events[39m
AggregateError [ECONNREFUSED]: 
    at internalConnectMultiple (node:net:1142:49)
    at afterConnectMultiple (node:net:1723:7)
[2m12:04:57 am[22m [31m[1m[vite][22m[39m [31mhttp proxy error: /api/admin/registrations[39m
AggregateError [ECONNREFUSED]: 
    at internalConnectMultiple (node:net:1142:49)
    at afterConnectMultiple (node:net:1723:7)
[2m12:06:56 am[22m [31m[1m[vite][22m[39m [31mhttp proxy error: /api/admin/registrations[39m
AggregateError [ECONNREFUSED]: 
    at internalConnectMultiple (node:net:1142:49)
    at afterConnectMultiple (node:net:1723:7)
[2m2:58:25 am[22m [31m[1m[vite][22m[39m [31mInternal server error: C:\Users\Admin\Desktop\TheCogno-main\TheCogno-main\components\portal\SmartAlertsPanel.tsx: Unexpected token, expected ":" (111:11)

[0m [90m 109 |[31m               })}
 [90m 110 |[31m             [33m<[31m[33m/[31m[33mdiv[31m[33m>[31m
[31m[1m>[22m[31m[90m 111 |[31m           )}
 [90m     |[31m            [31m[1m^[22m[31m
 [90m 112 |[31m         [33m<[31m[33m/[31m[33mdiv[31m[33m>[31m
 [90m 113 |[31m         [33m<[31m[33m/[31m[33mdiv[31m[33m>[31m
 [90m 114 |[31m       [33m<[31m[33m/[31m[33mdiv[31m[33m>[31m[0m[39m
  Plugin: [35mvite:react-babel[39m
  File: [36mC:/Users/Admin/Desktop/TheCogno-main/TheCogno-main/components/portal/SmartAlertsPanel.tsx[39m:111:11
[33m  109|                })}
  110|              </div>
  111|            )}
     |             ^
  112|          </div>
  113|          </div>[39m
      at constructor (C:\Users\Admin\Desktop\TheCogno-main\TheCogno-main\node_modules\@babel\parser\lib\index.js:365:19)
      at TypeScriptParserMixin.raise (C:\Users\Admin\Desktop\TheCogno-main\TheCogno-main\node_modules\@babel\parser\lib\index.js:6599:19)
      at TypeScriptParserMixin.unexpected (C:\Users\Admin\Desktop\TheCogno-main\TheCogno-main\node_modules\@babel\parser\lib\index.js:6619:16)
      at TypeScriptParserMixin.expect (C:\Users\Admin\Desktop\TheCogno-main\TheCogno-main\node_modules\@babel\parser\lib\index.js:6899:12)
      at TypeScriptParserMixin.parseConditional (C:\Users\Admin\Desktop\TheCogno-main\TheCogno-main\node_modules\@babel\parser\lib\index.js:10892:12)
      at TypeScriptParserMixin.parseConditional (C:\Users\Admin\Desktop\TheCogno-main\TheCogno-main\node_modules\@babel\parser\lib\index.js:9603:18)
      at TypeScriptParserMixin.parseMaybeConditional (C:\Users\Admin\Desktop\TheCogno-main\TheCogno-main\node_modules\@babel\parser\lib\index.js:10885:17)
      at TypeScriptParserMixin.parseMaybeAssign (C:\Users\Admin\Desktop\TheCogno-main\TheCogno-main\node_modules\@babel\parser\lib\index.js:10831:21)
      at TypeScriptParserMixin.parseMaybeAssign (C:\Users\Admin\Desktop\TheCogno-main\TheCogno-main\node_modules\@babel\parser\lib\index.js:9786:20)
      at TypeScriptParserMixin.parseConditional (C:\Users\Admin\Desktop\TheCogno-main\TheCogno-main\node_modules\@babel\parser\lib\index.js:10893:29)
      at TypeScriptParserMixin.parseConditional (C:\Users\Admin\Desktop\TheCogno-main\TheCogno-main\node_modules\@babel\parser\lib\index.js:9603:18)
      at TypeScriptParserMixin.parseMaybeConditional (C:\Users\Admin\Desktop\TheCogno-main\TheCogno-main\node_modules\@babel\parser\lib\index.js:10885:17)
      at TypeScriptParserMixin.parseMaybeAssign (C:\Users\Admin\Desktop\TheCogno-main\TheCogno-main\node_modules\@babel\parser\lib\index.js:10831:21)
      at TypeScriptParserMixin.parseMaybeAssign (C:\Users\Admin\Desktop\TheCogno-main\TheCogno-main\node_modules\@babel\parser\lib\index.js:9786:20)
      at TypeScriptParserMixin.parseExpressionBase (C:\Users\Admin\Desktop\TheCogno-main\TheCogno-main\node_modules\@babel\parser\lib\index.js:10784:23)
      at C:\Users\Admin\Desktop\TheCogno-main\TheCogno-main\node_modules\@babel\parser\lib\index.js:10780:39
      at TypeScriptParserMixin.allowInAnd (C:\Users\Admin\Desktop\TheCogno-main\TheCogno-main\node_modules\@babel\parser\lib\index.js:12426:12)
      at TypeScriptParserMixin.parseExpression (C:\Users\Admin\Desktop\TheCogno-main\TheCogno-main\node_modules\@babel\parser\lib\index.js:10780:17)
      at TypeScriptParserMixin.jsxParseExpressionContainer (C:\Users\Admin\Desktop\TheCogno-main\TheCogno-main\node_modules\@babel\parser\lib\index.js:4632:31)
      at TypeScriptParserMixin.jsxParseElementAt (C:\Users\Admin\Desktop\TheCogno-main\TheCogno-main\node_modules\@babel\parser\lib\index.js:4711:36)
      at TypeScriptParserMixin.jsxParseElementAt (C:\Users\Admin\Desktop\TheCogno-main\TheCogno-main\node_modules\@babel\parser\lib\index.js:4698:32)
      at TypeScriptParserMixin.jsxParseElementAt (C:\Users\Admin\Desktop\TheCogno-main\TheCogno-main\node_modules\@babel\parser\lib\index.js:4698:32)
      at TypeScriptParserMixin.jsxParseElement (C:\Users\Admin\Desktop\TheCogno-main\TheCogno-main\node_modules\@babel\parser\lib\index.js:4749:17)
      at TypeScriptParserMixin.parseExprAtom (C:\Users\Admin\Desktop\TheCogno-main\TheCogno-main\node_modules\@babel\parser\lib\index.js:4759:19)
      at TypeScriptParserMixin.parseExprSubscripts (C:\Users\Admin\Desktop\TheCogno-main\TheCogno-main\node_modules\@babel\parser\lib\index.js:11081:23)
      at TypeScriptParserMixin.parseUpdate (C:\Users\Admin\Desktop\TheCogno-main\TheCogno-main\node_modules\@babel\parser\lib\index.js:11066:21)
      at TypeScriptParserMixin.parseMaybeUnary (C:\Users\Admin\Desktop\TheCogno-main\TheCogno-main\node_modules\@babel\parser\lib\index.js:11046:23)
      at TypeScriptParserMixin.parseMaybeUnary (C:\Users\Admin\Desktop\TheCogno-main\TheCogno-main\node_modules\@babel\parser\lib\index.js:9837:18)
      at TypeScriptParserMixin.parseMaybeUnaryOrPrivate (C:\Users\Admin\Desktop\TheCogno-main\TheCogno-main\node_modules\@babel\parser\lib\index.js:10899:61)
      at TypeScriptParserMixin.parseExprOps (C:\Users\Admin\Desktop\TheCogno-main\TheCogno-main\node_modules\@babel\parser\lib\index.js:10904:23)
      at TypeScriptParserMixin.parseMaybeConditional (C:\Users\Admin\Desktop\TheCogno-main\TheCogno-main\node_modules\@babel\parser\lib\index.js:10881:23)
      at TypeScriptParserMixin.parseMaybeAssign (C:\Users\Admin\Desktop\TheCogno-main\TheCogno-main\node_modules\@babel\parser\lib\index.js:10831:21)
      at C:\Users\Admin\Desktop\TheCogno-main\TheCogno-main\node_modules\@babel\parser\lib\index.js:9775:39
      at TypeScriptParserMixin.tryParse (C:\Users\Admin\Desktop\TheCogno-main\TheCogno-main\node_modules\@babel\parser\lib\index.js:6907:20)
      at TypeScriptParserMixin.parseMaybeAssign (C:\Users\Admin\Desktop\TheCogno-main\TheCogno-main\node_modules\@babel\parser\lib\index.js:9775:18)
      at C:\Users\Admin\Desktop\TheCogno-main\TheCogno-main\node_modules\@babel\parser\lib\index.js:10800:39
      at TypeScriptParserMixin.allowInAnd (C:\Users\Admin\Desktop\TheCogno-main\TheCogno-main\node_modules\@babel\parser\lib\index.js:12426:12)
      at TypeScriptParserMixin.parseMaybeAssignAllowIn (C:\Users\Admin\Desktop\TheCogno-main\TheCogno-main\node_modules\@babel\parser\lib\index.js:10800:17)
      at TypeScriptParserMixin.parseMaybeAssignAllowInOrVoidPattern (C:\Users\Admin\Desktop\TheCogno-main\TheCogno-main\node_modules\@babel\parser\lib\index.js:12493:17)
      at TypeScriptParserMixin.parseParenAndDistinguishExpression (C:\Users\Admin\Desktop\TheCogno-main\TheCogno-main\node_modules\@babel\parser\lib\index.js:11675:28)
      at TypeScriptParserMixin.parseExprAtom (C:\Users\Admin\Desktop\TheCogno-main\TheCogno-main\node_modules\@babel\parser\lib\index.js:11331:23)
      at TypeScriptParserMixin.parseExprAtom (C:\Users\Admin\Desktop\TheCogno-main\TheCogno-main\node_modules\@babel\parser\lib\index.js:4764:20)
      at TypeScriptParserMixin.parseExprSubscripts (C:\Users\Admin\Desktop\TheCogno-main\TheCogno-main\node_modules\@babel\parser\lib\index.js:11081:23)
      at TypeScriptParserMixin.parseUpdate (C:\Users\Admin\Desktop\TheCogno-main\TheCogno-main\node_modules\@babel\parser\lib\index.js:11066:21)
      at TypeScriptParserMixin.parseMaybeUnary (C:\Users\Admin\Desktop\TheCogno-main\TheCogno-main\node_modules\@babel\parser\lib\index.js:11046:23)
      at TypeScriptParserMixin.parseMaybeUnary (C:\Users\Admin\Desktop\TheCogno-main\TheCogno-main\node_modules\@babel\parser\lib\index.js:9837:18)
      at TypeScriptParserMixin.parseMaybeUnaryOrPrivate (C:\Users\Admin\Desktop\TheCogno-main\TheCogno-main\node_modules\@babel\parser\lib\index.js:10899:61)
      at TypeScriptParserMixin.parseExprOps (C:\Users\Admin\Desktop\TheCogno-main\TheCogno-main\node_modules\@babel\parser\lib\index.js:10904:23)
      at TypeScriptParserMixin.parseMaybeConditional (C:\Users\Admin\Desktop\TheCogno-main\TheCogno-main\node_modules\@babel\parser\lib\index.js:10881:23)
      at TypeScriptParserMixin.parseMaybeAssign (C:\Users\Admin\Desktop\TheCogno-main\TheCogno-main\node_modules\@babel\parser\lib\index.js:10831:21)
[2m2:58:33 am[22m [31m[1m[vite][22m[39m [31mInternal server error: C:\Users\Admin\Desktop\TheCogno-main\TheCogno-main\components\portal\SmartAlertsPanel.tsx: Expected corresponding JSX closing tag for <section>. (114:6)

[0m [90m 112 |[31m         [33m<[31m[33m/[31m[33mdiv[31m[33m>[31m
 [90m 113 |[31m         [33m<[31m[33m/[31m[33mdiv[31m[33m>[31m
[31m[1m>[22m[31m[90m 114 |[31m       [33m<[31m[33m/[31m[33mdiv[31m[33m>[31m
 [90m     |[31m       [31m[1m^[22m[31m
 [90m 115 |[31m     [33m<[31m[33m/[31m[33msection[31m[33m>[31m
 [90m 116 |[31m   )[33m;[31m
 [90m 117 |[31m }[33m;[31m[0m[39m
  Plugin: [35mvite:react-babel[39m
  File: [36mC:/Users/Admin/Desktop/TheCogno-main/TheCogno-main/components/portal/SmartAlertsPanel.tsx[39m:114:6
[33m  112|          </div>
  113|          </div>
  114|        </div>
     |        ^
  115|      </section>
  116|    );[39m
      at constructor (C:\Users\Admin\Desktop\TheCogno-main\TheCogno-main\node_modules\@babel\parser\lib\index.js:365:19)
      at TypeScriptParserMixin.raise (C:\Users\Admin\Desktop\TheCogno-main\TheCogno-main\node_modules\@babel\parser\lib\index.js:6599:19)
      at TypeScriptParserMixin.jsxParseElementAt (C:\Users\Admin\Desktop\TheCogno-main\TheCogno-main\node_modules\@babel\parser\lib\index.js:4727:16)
      at TypeScriptParserMixin.jsxParseElement (C:\Users\Admin\Desktop\TheCogno-main\TheCogno-main\node_modules\@babel\parser\lib\index.js:4749:17)
      at TypeScriptParserMixin.parseExprAtom (C:\Users\Admin\Desktop\TheCogno-main\TheCogno-main\node_modules\@babel\parser\lib\index.js:4759:19)
      at TypeScriptParserMixin.parseExprSubscripts (C:\Users\Admin\Desktop\TheCogno-main\TheCogno-main\node_modules\@babel\parser\lib\index.js:11081:23)
      at TypeScriptParserMixin.parseUpdate (C:\Users\Admin\Desktop\TheCogno-main\TheCogno-main\node_modules\@babel\parser\lib\index.js:11066:21)
      at TypeScriptParserMixin.parseMaybeUnary (C:\Users\Admin\Desktop\TheCogno-main\TheCogno-main\node_modules\@babel\parser\lib\index.js:11046:23)
      at TypeScriptParserMixin.parseMaybeUnary (C:\Users\Admin\Desktop\TheCogno-main\TheCogno-main\node_modules\@babel\parser\lib\index.js:9837:18)
      at TypeScriptParserMixin.parseMaybeUnaryOrPrivate (C:\Users\Admin\Desktop\TheCogno-main\TheCogno-main\node_modules\@babel\parser\lib\index.js:10899:61)
      at TypeScriptParserMixin.parseExprOps (C:\Users\Admin\Desktop\TheCogno-main\TheCogno-main\node_modules\@babel\parser\lib\index.js:10904:23)
      at TypeScriptParserMixin.parseMaybeConditional (C:\Users\Admin\Desktop\TheCogno-main\TheCogno-main\node_modules\@babel\parser\lib\index.js:10881:23)
      at TypeScriptParserMixin.parseMaybeAssign (C:\Users\Admin\Desktop\TheCogno-main\TheCogno-main\node_modules\@babel\parser\lib\index.js:10831:21)
      at C:\Users\Admin\Desktop\TheCogno-main\TheCogno-main\node_modules\@babel\parser\lib\index.js:9775:39
      at TypeScriptParserMixin.tryParse (C:\Users\Admin\Desktop\TheCogno-main\TheCogno-main\node_modules\@babel\parser\lib\index.js:6907:20)
      at TypeScriptParserMixin.parseMaybeAssign (C:\Users\Admin\Desktop\TheCogno-main\TheCogno-main\node_modules\@babel\parser\lib\index.js:9775:18)
      at C:\Users\Admin\Desktop\TheCogno-main\TheCogno-main\node_modules\@babel\parser\lib\index.js:10800:39
      at TypeScriptParserMixin.allowInAnd (C:\Users\Admin\Desktop\TheCogno-main\TheCogno-main\node_modules\@babel\parser\lib\index.js:12426:12)
      at TypeScriptParserMixin.parseMaybeAssignAllowIn (C:\Users\Admin\Desktop\TheCogno-main\TheCogno-main\node_modules\@babel\parser\lib\index.js:10800:17)
      at TypeScriptParserMixin.parseMaybeAssignAllowInOrVoidPattern (C:\Users\Admin\Desktop\TheCogno-main\TheCogno-main\node_modules\@babel\parser\lib\index.js:12493:17)
      at TypeScriptParserMixin.parseParenAndDistinguishExpression (C:\Users\Admin\Desktop\TheCogno-main\TheCogno-main\node_modules\@babel\parser\lib\index.js:11675:28)
      at TypeScriptParserMixin.parseExprAtom (C:\Users\Admin\Desktop\TheCogno-main\TheCogno-main\node_modules\@babel\parser\lib\index.js:11331:23)
      at TypeScriptParserMixin.parseExprAtom (C:\Users\Admin\Desktop\TheCogno-main\TheCogno-main\node_modules\@babel\parser\lib\index.js:4764:20)
      at TypeScriptParserMixin.parseExprSubscripts (C:\Users\Admin\Desktop\TheCogno-main\TheCogno-main\node_modules\@babel\parser\lib\index.js:11081:23)
      at TypeScriptParserMixin.parseUpdate (C:\Users\Admin\Desktop\TheCogno-main\TheCogno-main\node_modules\@babel\parser\lib\index.js:11066:21)
      at TypeScriptParserMixin.parseMaybeUnary (C:\Users\Admin\Desktop\TheCogno-main\TheCogno-main\node_modules\@babel\parser\lib\index.js:11046:23)
      at TypeScriptParserMixin.parseMaybeUnary (C:\Users\Admin\Desktop\TheCogno-main\TheCogno-main\node_modules\@babel\parser\lib\index.js:9837:18)
      at TypeScriptParserMixin.parseMaybeUnaryOrPrivate (C:\Users\Admin\Desktop\TheCogno-main\TheCogno-main\node_modules\@babel\parser\lib\index.js:10899:61)
      at TypeScriptParserMixin.parseExprOps (C:\Users\Admin\Desktop\TheCogno-main\TheCogno-main\node_modules\@babel\parser\lib\index.js:10904:23)
      at TypeScriptParserMixin.parseMaybeConditional (C:\Users\Admin\Desktop\TheCogno-main\TheCogno-main\node_modules\@babel\parser\lib\index.js:10881:23)
      at TypeScriptParserMixin.parseMaybeAssign (C:\Users\Admin\Desktop\TheCogno-main\TheCogno-main\node_modules\@babel\parser\lib\index.js:10831:21)
      at TypeScriptParserMixin.parseMaybeAssign (C:\Users\Admin\Desktop\TheCogno-main\TheCogno-main\node_modules\@babel\parser\lib\index.js:9786:20)
      at TypeScriptParserMixin.parseExpressionBase (C:\Users\Admin\Desktop\TheCogno-main\TheCogno-main\node_modules\@babel\parser\lib\index.js:10784:23)
      at C:\Users\Admin\Desktop\TheCogno-main\TheCogno-main\node_modules\@babel\parser\lib\index.js:10780:39
      at TypeScriptParserMixin.allowInAnd (C:\Users\Admin\Desktop\TheCogno-main\TheCogno-main\node_modules\@babel\parser\lib\index.js:12421:16)
      at TypeScriptParserMixin.parseExpression (C:\Users\Admin\Desktop\TheCogno-main\TheCogno-main\node_modules\@babel\parser\lib\index.js:10780:17)
      at TypeScriptParserMixin.parseReturnStatement (C:\Users\Admin\Desktop\TheCogno-main\TheCogno-main\node_modules\@babel\parser\lib\index.js:13142:28)
      at TypeScriptParserMixin.parseStatementContent (C:\Users\Admin\Desktop\TheCogno-main\TheCogno-main\node_modules\@babel\parser\lib\index.js:12798:21)
      at TypeScriptParserMixin.parseStatementContent (C:\Users\Admin\Desktop\TheCogno-main\TheCogno-main\node_modules\@babel\parser\lib\index.js:9508:18)
      at TypeScriptParserMixin.parseStatementLike (C:\Users\Admin\Desktop\TheCogno-main\TheCogno-main\node_modules\@babel\parser\lib\index.js:12767:17)
      at TypeScriptParserMixin.parseStatementListItem (C:\Users\Admin\Desktop\TheCogno-main\TheCogno-main\node_modules\@babel\parser\lib\index.js:12747:17)
      at TypeScriptParserMixin.parseBlockOrModuleBlockBody (C:\Users\Admin\Desktop\TheCogno-main\TheCogno-main\node_modules\@babel\parser\lib\index.js:13316:61)
      at TypeScriptParserMixin.parseBlockBody (C:\Users\Admin\Desktop\TheCogno-main\TheCogno-main\node_modules\@babel\parser\lib\index.js:13309:10)
      at TypeScriptParserMixin.parseBlock (C:\Users\Admin\Desktop\TheCogno-main\TheCogno-main\node_modules\@babel\parser\lib\index.js:13297:10)
      at TypeScriptParserMixin.parseFunctionBody (C:\Users\Admin\Desktop\TheCogno-main\TheCogno-main\node_modules\@babel\parser\lib\index.js:12100:24)
      at TypeScriptParserMixin.parseArrowExpression (C:\Users\Admin\Desktop\TheCogno-main\TheCogno-main\node_modules\@babel\parser\lib\index.js:12075:10)
      at TypeScriptParserMixin.parseParenAndDistinguishExpression (C:\Users\Admin\Desktop\TheCogno-main\TheCogno-main\node_modules\@babel\parser\lib\index.js:11687:12)
      at TypeScriptParserMixin.parseExprAtom (C:\Users\Admin\Desktop\TheCogno-main\TheCogno-main\node_modules\@babel\parser\lib\index.js:11331:23)
      at TypeScriptParserMixin.parseExprAtom (C:\Users\Admin\Desktop\TheCogno-main\TheCogno-main\node_modules\@babel\parser\lib\index.js:4764:20)
      at TypeScriptParserMixin.parseExprSubscripts (C:\Users\Admin\Desktop\TheCogno-main\TheCogno-main\node_modules\@babel\parser\lib\index.js:11081:23)
[2m2:58:48 am[22m [31m[1m[vite][22m[39m [31m[2m(client)[22m[39m Pre-transform error: C:\Users\Admin\Desktop\TheCogno-main\TheCogno-main\components\portal\SmartAlertsPanel.tsx: Expected corresponding JSX closing tag for <section>. (114:6)

[0m [90m 112 |[39m         [33m<[39m[33m/[39m[33mdiv[39m[33m>[39m
 [90m 113 |[39m         [33m<[39m[33m/[39m[33mdiv[39m[33m>[39m
[31m[1m>[22m[39m[90m 114 |[39m       [33m<[39m[33m/[39m[33mdiv[39m[33m>[39m
 [90m     |[39m       [31m[1m^[22m[39m
 [90m 115 |[39m     [33m<[39m[33m/[39m[33msection[39m[33m>[39m
 [90m 116 |[39m   )[33m;[39m
 [90m 117 |[39m }[33m;[39m[0m
  Plugin: [35mvite:react-babel[39m
  File: [36mC:/Users/Admin/Desktop/TheCogno-main/TheCogno-main/components/portal/SmartAlertsPanel.tsx[39m:114:6
[33m  112|          </div>
  113|          </div>
  114|        </div>
     |        ^
  115|      </section>
  116|    );[39m
[2m2:58:48 am[22m [31m[1m[vite][22m[39m [31mInternal server error: C:\Users\Admin\Desktop\TheCogno-main\TheCogno-main\components\portal\SmartAlertsPanel.tsx: Expected corresponding JSX closing tag for <section>. (114:6)

[0m [90m 112 |[31m         [33m<[31m[33m/[31m[33mdiv[31m[33m>[31m
 [90m 113 |[31m         [33m<[31m[33m/[31m[33mdiv[31m[33m>[31m
[31m[1m>[22m[31m[90m 114 |[31m       [33m<[31m[33m/[31m[33mdiv[31m[33m>[31m
 [90m     |[31m       [31m[1m^[22m[31m
 [90m 115 |[31m     [33m<[31m[33m/[31m[33msection[31m[33m>[31m
 [90m 116 |[31m   )[33m;[31m
 [90m 117 |[31m }[33m;[31m[0m[39m
  Plugin: [35mvite:react-babel[39m
  File: [36mC:/Users/Admin/Desktop/TheCogno-main/TheCogno-main/components/portal/SmartAlertsPanel.tsx[39m:114:6
[33m  112|          </div>
  113|          </div>
  114|        </div>
     |        ^
  115|      </section>
  116|    );[39m
      at constructor (C:\Users\Admin\Desktop\TheCogno-main\TheCogno-main\node_modules\@babel\parser\lib\index.js:365:19)
      at TypeScriptParserMixin.raise (C:\Users\Admin\Desktop\TheCogno-main\TheCogno-main\node_modules\@babel\parser\lib\index.js:6599:19)
      at TypeScriptParserMixin.jsxParseElementAt (C:\Users\Admin\Desktop\TheCogno-main\TheCogno-main\node_modules\@babel\parser\lib\index.js:4727:16)
      at TypeScriptParserMixin.jsxParseElement (C:\Users\Admin\Desktop\TheCogno-main\TheCogno-main\node_modules\@babel\parser\lib\index.js:4749:17)
      at TypeScriptParserMixin.parseExprAtom (C:\Users\Admin\Desktop\TheCogno-main\TheCogno-main\node_modules\@babel\parser\lib\index.js:4759:19)
      at TypeScriptParserMixin.parseExprSubscripts (C:\Users\Admin\Desktop\TheCogno-main\TheCogno-main\node_modules\@babel\parser\lib\index.js:11081:23)
      at TypeScriptParserMixin.parseUpdate (C:\Users\Admin\Desktop\TheCogno-main\TheCogno-main\node_modules\@babel\parser\lib\index.js:11066:21)
      at TypeScriptParserMixin.parseMaybeUnary (C:\Users\Admin\Desktop\TheCogno-main\TheCogno-main\node_modules\@babel\parser\lib\index.js:11046:23)
      at TypeScriptParserMixin.parseMaybeUnary (C:\Users\Admin\Desktop\TheCogno-main\TheCogno-main\node_modules\@babel\parser\lib\index.js:9837:18)
      at TypeScriptParserMixin.parseMaybeUnaryOrPrivate (C:\Users\Admin\Desktop\TheCogno-main\TheCogno-main\node_modules\@babel\parser\lib\index.js:10899:61)
      at TypeScriptParserMixin.parseExprOps (C:\Users\Admin\Desktop\TheCogno-main\TheCogno-main\node_modules\@babel\parser\lib\index.js:10904:23)
      at TypeScriptParserMixin.parseMaybeConditional (C:\Users\Admin\Desktop\TheCogno-main\TheCogno-main\node_modules\@babel\parser\lib\index.js:10881:23)
      at TypeScriptParserMixin.parseMaybeAssign (C:\Users\Admin\Desktop\TheCogno-main\TheCogno-main\node_modules\@babel\parser\lib\index.js:10831:21)
      at C:\Users\Admin\Desktop\TheCogno-main\TheCogno-main\node_modules\@babel\parser\lib\index.js:9775:39
      at TypeScriptParserMixin.tryParse (C:\Users\Admin\Desktop\TheCogno-main\TheCogno-main\node_modules\@babel\parser\lib\index.js:6907:20)
      at TypeScriptParserMixin.parseMaybeAssign (C:\Users\Admin\Desktop\TheCogno-main\TheCogno-main\node_modules\@babel\parser\lib\index.js:9775:18)
      at C:\Users\Admin\Desktop\TheCogno-main\TheCogno-main\node_modules\@babel\parser\lib\index.js:10800:39
      at TypeScriptParserMixin.allowInAnd (C:\Users\Admin\Desktop\TheCogno-main\TheCogno-main\node_modules\@babel\parser\lib\index.js:12426:12)
      at TypeScriptParserMixin.parseMaybeAssignAllowIn (C:\Users\Admin\Desktop\TheCogno-main\TheCogno-main\node_modules\@babel\parser\lib\index.js:10800:17)
      at TypeScriptParserMixin.parseMaybeAssignAllowInOrVoidPattern (C:\Users\Admin\Desktop\TheCogno-main\TheCogno-main\node_modules\@babel\parser\lib\index.js:12493:17)
      at TypeScriptParserMixin.parseParenAndDistinguishExpression (C:\Users\Admin\Desktop\TheCogno-main\TheCogno-main\node_modules\@babel\parser\lib\index.js:11675:28)
      at TypeScriptParserMixin.parseExprAtom (C:\Users\Admin\Desktop\TheCogno-main\TheCogno-main\node_modules\@babel\parser\lib\index.js:11331:23)
      at TypeScriptParserMixin.parseExprAtom (C:\Users\Admin\Desktop\TheCogno-main\TheCogno-main\node_modules\@babel\parser\lib\index.js:4764:20)
      at TypeScriptParserMixin.parseExprSubscripts (C:\Users\Admin\Desktop\TheCogno-main\TheCogno-main\node_modules\@babel\parser\lib\index.js:11081:23)
      at TypeScriptParserMixin.parseUpdate (C:\Users\Admin\Desktop\TheCogno-main\TheCogno-main\node_modules\@babel\parser\lib\index.js:11066:21)
      at TypeScriptParserMixin.parseMaybeUnary (C:\Users\Admin\Desktop\TheCogno-main\TheCogno-main\node_modules\@babel\parser\lib\index.js:11046:23)
      at TypeScriptParserMixin.parseMaybeUnary (C:\Users\Admin\Desktop\TheCogno-main\TheCogno-main\node_modules\@babel\parser\lib\index.js:9837:18)
      at TypeScriptParserMixin.parseMaybeUnaryOrPrivate (C:\Users\Admin\Desktop\TheCogno-main\TheCogno-main\node_modules\@babel\parser\lib\index.js:10899:61)
      at TypeScriptParserMixin.parseExprOps (C:\Users\Admin\Desktop\TheCogno-main\TheCogno-main\node_modules\@babel\parser\lib\index.js:10904:23)
      at TypeScriptParserMixin.parseMaybeConditional (C:\Users\Admin\Desktop\TheCogno-main\TheCogno-main\node_modules\@babel\parser\lib\index.js:10881:23)
      at TypeScriptParserMixin.parseMaybeAssign (C:\Users\Admin\Desktop\TheCogno-main\TheCogno-main\node_modules\@babel\parser\lib\index.js:10831:21)
      at TypeScriptParserMixin.parseMaybeAssign (C:\Users\Admin\Desktop\TheCogno-main\TheCogno-main\node_modules\@babel\parser\lib\index.js:9786:20)
      at TypeScriptParserMixin.parseExpressionBase (C:\Users\Admin\Desktop\TheCogno-main\TheCogno-main\node_modules\@babel\parser\lib\index.js:10784:23)
      at C:\Users\Admin\Desktop\TheCogno-main\TheCogno-main\node_modules\@babel\parser\lib\index.js:10780:39
      at TypeScriptParserMixin.allowInAnd (C:\Users\Admin\Desktop\TheCogno-main\TheCogno-main\node_modules\@babel\parser\lib\index.js:12421:16)
      at TypeScriptParserMixin.parseExpression (C:\Users\Admin\Desktop\TheCogno-main\TheCogno-main\node_modules\@babel\parser\lib\index.js:10780:17)
      at TypeScriptParserMixin.parseReturnStatement (C:\Users\Admin\Desktop\TheCogno-main\TheCogno-main\node_modules\@babel\parser\lib\index.js:13142:28)
      at TypeScriptParserMixin.parseStatementContent (C:\Users\Admin\Desktop\TheCogno-main\TheCogno-main\node_modules\@babel\parser\lib\index.js:12798:21)
      at TypeScriptParserMixin.parseStatementContent (C:\Users\Admin\Desktop\TheCogno-main\TheCogno-main\node_modules\@babel\parser\lib\index.js:9508:18)
      at TypeScriptParserMixin.parseStatementLike (C:\Users\Admin\Desktop\TheCogno-main\TheCogno-main\node_modules\@babel\parser\lib\index.js:12767:17)
      at TypeScriptParserMixin.parseStatementListItem (C:\Users\Admin\Desktop\TheCogno-main\TheCogno-main\node_modules\@babel\parser\lib\index.js:12747:17)
      at TypeScriptParserMixin.parseBlockOrModuleBlockBody (C:\Users\Admin\Desktop\TheCogno-main\TheCogno-main\node_modules\@babel\parser\lib\index.js:13316:61)
      at TypeScriptParserMixin.parseBlockBody (C:\Users\Admin\Desktop\TheCogno-main\TheCogno-main\node_modules\@babel\parser\lib\index.js:13309:10)
      at TypeScriptParserMixin.parseBlock (C:\Users\Admin\Desktop\TheCogno-main\TheCogno-main\node_modules\@babel\parser\lib\index.js:13297:10)
      at TypeScriptParserMixin.parseFunctionBody (C:\Users\Admin\Desktop\TheCogno-main\TheCogno-main\node_modules\@babel\parser\lib\index.js:12100:24)
      at TypeScriptParserMixin.parseArrowExpression (C:\Users\Admin\Desktop\TheCogno-main\TheCogno-main\node_modules\@babel\parser\lib\index.js:12075:10)
      at TypeScriptParserMixin.parseParenAndDistinguishExpression (C:\Users\Admin\Desktop\TheCogno-main\TheCogno-main\node_modules\@babel\parser\lib\index.js:11687:12)
      at TypeScriptParserMixin.parseExprAtom (C:\Users\Admin\Desktop\TheCogno-main\TheCogno-main\node_modules\@babel\parser\lib\index.js:11331:23)
      at TypeScriptParserMixin.parseExprAtom (C:\Users\Admin\Desktop\TheCogno-main\TheCogno-main\node_modules\@babel\parser\lib\index.js:4764:20)
      at TypeScriptParserMixin.parseExprSubscripts (C:\Users\Admin\Desktop\TheCogno-main\TheCogno-main\node_modules\@babel\parser\lib\index.js:11081:23)
